\BOOKMARK [1][-]{section.1}{Von Riemann zu Tate}{}% 1
\BOOKMARK [2][-]{subsection.1.1}{Der Beweis der Funktionalgleichung}{section.1}% 2
\BOOKMARK [2][-]{subsection.1.2}{Auf dem Weg zu Tate}{section.1}% 3
\BOOKMARK [1][-]{section.2}{Lokalkompakte Gruppen und harmonische Analysis}{}% 4
\BOOKMARK [2][-]{subsection.2.1}{Lokalkompakte Gruppen}{section.2}% 5
\BOOKMARK [2][-]{subsection.2.2}{Das Haar-Ma\337}{section.2}% 6
\BOOKMARK [2][-]{subsection.2.3}{Charaktere und Quasi-Charaktere}{section.2}% 7
\BOOKMARK [2][-]{subsection.2.4}{Ausblick: Fouriertransformation und Pontryagin-Dualit\344t}{section.2}% 8
\BOOKMARK [1][-]{section.3}{Exkurs: p-adische Zahlen}{}% 9
\BOOKMARK [2][-]{subsection.3.1}{Absolutbetr\344ge und der Satz von Ostrowski}{section.3}% 10
\BOOKMARK [2][-]{subsection.3.2}{Vervollst\344ndigungen von Q}{section.3}% 11
\BOOKMARK [2][-]{subsection.3.3}{Topologische Eigenheiten}{section.3}% 12
\BOOKMARK [2][-]{subsection.3.4}{Die Potenzreihendarstellung}{section.3}% 13
\BOOKMARK [1][-]{section.4}{Die lokale Theorie}{}% 14
\BOOKMARK [2][-]{subsection.4.1}{Lokale K\366rper}{section.4}% 15
\BOOKMARK [2][-]{subsection.4.2}{Lokale Fourieranalysis}{section.4}% 16
\BOOKMARK [2][-]{subsection.4.3}{Die lokale Funktionalgleichung}{section.4}% 17
\BOOKMARK [2][-]{subsection.4.4}{Lokale Berechnungen}{section.4}% 18
\BOOKMARK [3][-]{subsubsection.4.4.1}{Der Fall p gleich unendlich}{subsection.4.4}% 19
\BOOKMARK [3][-]{subsubsection.4.4.2}{Der Fall p kleiner unendlich}{subsection.4.4}% 20
\BOOKMARK [1][-]{section.5}{Eingeschr\344nkte direkte Produkt abstrakter Gruppen}{}% 21
\BOOKMARK [2][-]{subsection.5.1}{Definitionen}{section.5}% 22
\BOOKMARK [2][-]{subsection.5.2}{Quasi-Charaktere}{section.5}% 23
\BOOKMARK [2][-]{subsection.5.3}{Integration}{section.5}% 24
\BOOKMARK [1][-]{section.6}{Adele und Idele}{}% 25
\BOOKMARK [2][-]{subsection.6.1}{Die Gruppe der Adele}{section.6}% 26
\BOOKMARK [2][-]{subsection.6.2}{Die Gruppe der Idele}{section.6}% 27
\BOOKMARK [1][-]{section.7}{Tates Beweis der Funktionalgleichung}{}% 28
\BOOKMARK [2][-]{subsection.7.1}{Globale Fourieranalysis}{section.7}% 29
\BOOKMARK [2][-]{subsection.7.2}{Adelische Poisson-Summenformel und der Satz von Riemann-Roch}{section.7}% 30
\BOOKMARK [2][-]{subsection.7.3}{Die globale Funktionalgleichung}{section.7}% 31
\BOOKMARK [2][-]{subsection.7.4}{Globale Berechnung: Die Riemannsche Zeta-Funktion}{section.7}% 32
\BOOKMARK [1][-]{appendix.A}{Beweis des Satz von Ostrowski}{}% 33
\BOOKMARK [1][-]{appendix.B}{Tates Beweis der Poisson-Summenformel}{}% 34
